[debug] [2022-03-02T13:09:21.120Z] ----------------------------------------------------------------------
[debug] [2022-03-02T13:09:21.121Z] Command:       C:\Program Files\nodejs\node.exe C:\Program Files\nodejs\node_modules\firebase-tools\lib\bin\firebase.js init
[debug] [2022-03-02T13:09:21.122Z] CLI Version:   10.2.1
[debug] [2022-03-02T13:09:21.122Z] Platform:      win32
[debug] [2022-03-02T13:09:21.122Z] Node Version:  v16.13.2
[debug] [2022-03-02T13:09:21.123Z] Time:          Wed Mar 02 2022 13:09:21 GMT+0000 (Greenwich Mean Time)
[debug] [2022-03-02T13:09:21.123Z] ----------------------------------------------------------------------
[debug] 
[debug] [2022-03-02T13:09:21.128Z] > command requires scopes: ["email","openid","https://www.googleapis.com/auth/cloudplatformprojects.readonly","https://www.googleapis.com/auth/firebase","https://www.googleapis.com/auth/cloud-platform"]
[debug] [2022-03-02T13:09:21.128Z] > authorizing via signed-in user (dragonika9@gmail.com)
[info] 
     ######## #### ########  ######## ########     ###     ######  ########
     ##        ##  ##     ## ##       ##     ##  ##   ##  ##       ##
     ######    ##  ########  ######   ########  #########  ######  ######
     ##        ##  ##    ##  ##       ##     ## ##     ##       ## ##
     ##       #### ##     ## ######## ########  ##     ##  ######  ########

You're about to initialize a Firebase project in this directory:

  C:\Coding\Javascript\shoppers-web

Before we get started, keep in mind:

  * You are currently outside your home directory

[info] 
=== Project Setup
[info] 
[info] First, let's associate this project directory with a Firebase project.
[info] You can create multiple project aliases by running firebase use --add, 
[info] but for now we'll just set up a default project.
[info] 
[debug] [2022-03-02T13:10:26.420Z] >>> [apiv2][query] GET https://firebase.googleapis.com/v1beta1/projects pageSize=100
[debug] [2022-03-02T13:10:27.588Z] <<< [apiv2][status] GET https://firebase.googleapis.com/v1beta1/projects 200
[debug] [2022-03-02T13:10:27.589Z] <<< [apiv2][body] GET https://firebase.googleapis.com/v1beta1/projects [omitted]
[info] i  Using project shoppers-34476 (Shoppers) 
[info] 
=== Storage Setup
[info] 
[info] Firebase Storage Security Rules allow you to define how and when to allow
[info] uploads and downloads. You can keep these rules in your project directory
[info] and publish them with firebase deploy.
[info] 
[debug] [2022-03-02T13:27:15.806Z] ----------------------------------------------------------------------
[debug] [2022-03-02T13:27:15.807Z] Command:       C:\Program Files\nodejs\node.exe C:\Program Files\nodejs\node_modules\firebase-tools\lib\bin\firebase.js init
[debug] [2022-03-02T13:27:15.807Z] CLI Version:   10.2.1
[debug] [2022-03-02T13:27:15.807Z] Platform:      win32
[debug] [2022-03-02T13:27:15.808Z] Node Version:  v16.13.2
[debug] [2022-03-02T13:27:15.808Z] Time:          Wed Mar 02 2022 13:27:15 GMT+0000 (Greenwich Mean Time)
[debug] [2022-03-02T13:27:15.809Z] ----------------------------------------------------------------------
[debug] 
[debug] [2022-03-02T13:27:15.814Z] > command requires scopes: ["email","openid","https://www.googleapis.com/auth/cloudplatformprojects.readonly","https://www.googleapis.com/auth/firebase","https://www.googleapis.com/auth/cloud-platform"]
[debug] [2022-03-02T13:27:15.815Z] > authorizing via signed-in user (dragonika9@gmail.com)
[info] 
     ######## #### ########  ######## ########     ###     ######  ########
     ##        ##  ##     ## ##       ##     ##  ##   ##  ##       ##
     ######    ##  ########  ######   ########  #########  ######  ######
     ##        ##  ##    ##  ##       ##     ## ##     ##       ## ##
     ##       #### ##     ## ######## ########  ##     ##  ######  ########

You're about to initialize a Firebase project in this directory:

  C:\Coding\Javascript\shoppers-web

Before we get started, keep in mind:

  * You are currently outside your home directory

